<?xml version="1.0" encoding="UTF-8"?>
<!-- Generated by org.testng.reporters.JUnitReportReporter -->
<testsuite hostname="LovelyRam" failures="0" tests="1" name="Bddcucumber.Testrunner" time="10.074" errors="0" timestamp="2023-10-02T11:01:16 IST" skipped="0">
  <testcase classname="Bddcucumber.Testrunner" name="runScenario" time="10.074"/>
  <system-out/>
</testsuite> <!-- Bddcucumber.Testrunner -->
